# JRE version: OpenJDK Runtime Environment Zulu25.32+21-CA (25.0.2+10) (build 25.0.2+10-LTS)
# Java VM: OpenJDK 64-Bit Server VM Zulu25.32+21-CA (25.0.2+10-LTS, mixed mode, sharing, tiered, compressed oops, compressed class ptrs, parallel gc, windows-amd64)
GC Precious Log:
 CardTable entry size: 512
 CPUs: 8 total, 8 available
 Memory: 16118M
 Large Page Support: Disabled
 NUMA Support: Disabled
 Compressed Oops: Enabled (32-bit)
 Alignments: Space 512K, Generation 512K, Heap 2M
 Heap Min Capacity: 100M
 Heap Initial Capacity: 100M
 Heap Max Capacity: 2G
 Pre-touch: Disabled
 Parallel Workers: 8
Heap:
 PSYoungGen      total 40960K, used 34736K [0x00000000d5580000, 0x00000000d8180000, 0x0000000100000000)
  eden space 36864K, 93% used [0x00000000d5580000,0x00000000d77340e8,0x00000000d7980000)
  from space 4096K, 5% used [0x00000000d7a80000,0x00000000d7ab8000,0x00000000d7e80000)
  to   space 1536K, 0% used [0x00000000d8000000,0x00000000d8000000,0x00000000d8180000)
 ParOldGen       total 1355264K, used 1354821K [0x0000000080000000, 0x00000000d2b80000, 0x00000000d5580000)
  object space 1355264K, 99% used [0x0000000080000000,0x00000000d2b11400,0x00000000d2b80000)
GC Heap Usage History (20 events):
Event: 11736.379 {heap Before GC invocations=1966 (full 7):
 PSYoungGen      total 31232K, used 31187K [0x00000000d5580000, 0x00000000d8080000, 0x0000000100000000)
  eden space 28160K, 100% used [0x00000000d5580000,0x00000000d7100000,0x00000000d7100000)
  from space 3072K, 98% used [0x00000000d7380000,0x00000000d7674f88,0x00000000d7680000)
  to   space 6656K, 0% used [0x00000000d7a00000,0x00000000d7a00000,0x00000000d8080000)
 ParOldGen       total 1275904K, used 1275463K [0x0000000080000000, 0x00000000cde00000, 0x00000000dEvent: 11736.383 {heap After GC invocations=1966 (full 7):
 PSYoungGen      total 32256K, used 4176K [0x00000000d5580000, 0x00000000d7e80000, 0x0000000100000000)
  eden space 27648K, 0% used [0x00000000d5580000,0x00000000d5580000,0x00000000d7080000)
  from space 4608K, 90% used [0x00000000d7a00000,0x00000000d7e14108,0x00000000d7e80000)
  to   space 4608K, 0% used [0x00000000d7580000,0x00000000d7580000,0x00000000d7a00000)
 ParOldGen       total 1277952K, used 1277882K [0x0000000080000000, 0x00000000ce000000, 0x00000000d5580Event: 11736.455 {heap Before GC invocations=1967 (full 7):
 PSYoungGen      total 32256K, used 31824K [0x00000000d5580000, 0x00000000d7e80000, 0x0000000100000000)
  eden space 27648K, 100% used [0x00000000d5580000,0x00000000d7080000,0x00000000d7080000)
  from space 4608K, 90% used [0x00000000d7a00000,0x00000000d7e14108,0x00000000d7e80000)
  to   space 4608K, 0% used [0x00000000d7580000,0x00000000d7580000,0x00000000d7a00000)
 ParOldGen       total 1277952K, used 1277882K [0x0000000080000000, 0x00000000ce000000, 0x00000000dEvent: 11736.470 {heap After GC invocations=1967 (full 7):
 PSYoungGen      total 31744K, used 4592K [0x00000000d5580000, 0x00000000da300000, 0x0000000100000000)
  eden space 27136K, 0% used [0x00000000d5580000,0x00000000d5580000,0x00000000d7000000)
  from space 4608K, 99% used [0x00000000d7580000,0x00000000d79fc020,0x00000000d7a00000)
  to   space 26112K, 0% used [0x00000000d8980000,0x00000000d8980000,0x00000000da300000)
 ParOldGen       total 1296384K, used 1296148K [0x0000000080000000, 0x00000000cf200000, 0x00000000d558Event: 11736.583 {heap Before GC invocations=1968 (full 7):
 PSYoungGen      total 31744K, used 31728K [0x00000000d5580000, 0x00000000da300000, 0x0000000100000000)
  eden space 27136K, 100% used [0x00000000d5580000,0x00000000d7000000,0x00000000d7000000)
  from space 4608K, 99% used [0x00000000d7580000,0x00000000d79fc020,0x00000000d7a00000)
  to   space 26112K, 0% used [0x00000000d8980000,0x00000000d8980000,0x00000000da300000)
 ParOldGen       total 1296384K, used 1296148K [0x0000000080000000, 0x00000000cf200000, 0x00000000Event: 11736.593 {heap After GC invocations=1968 (full 7):
 PSYoungGen      total 44544K, used 17735K [0x00000000d5580000, 0x00000000d9b00000, 0x0000000100000000)
  eden space 26624K, 0% used [0x00000000d5580000,0x00000000d5580000,0x00000000d6f80000)
  from space 17920K, 98% used [0x00000000d8980000,0x00000000d9ad1f20,0x00000000d9b00000)
  to   space 19456K, 0% used [0x00000000d7500000,0x00000000d7500000,0x00000000d8800000)
 ParOldGen       total 1300480K, used 1300218K [0x0000000080000000, 0x00000000cf600000, 0x00000000d5Event: 11737.157 {heap Before GC invocations=1969 (full 7):
 PSYoungGen      total 44544K, used 44359K [0x00000000d5580000, 0x00000000d9b00000, 0x0000000100000000)
  eden space 26624K, 100% used [0x00000000d5580000,0x00000000d6f80000,0x00000000d6f80000)
  from space 17920K, 98% used [0x00000000d8980000,0x00000000d9ad1f20,0x00000000d9b00000)
  to   space 19456K, 0% used [0x00000000d7500000,0x00000000d7500000,0x00000000d8800000)
 ParOldGen       total 1300480K, used 1300218K [0x0000000080000000, 0x00000000cf600000, 0x0000000Event: 11737.167 {heap After GC invocations=1969 (full 7):
 PSYoungGen      total 27136K, used 536K [0x00000000d5580000, 0x00000000d8a00000, 0x0000000100000000)
  eden space 26112K, 0% used [0x00000000d5580000,0x00000000d5580000,0x00000000d6f00000)
  from space 1024K, 52% used [0x00000000d7500000,0x00000000d7586290,0x00000000d7600000)
  to   space 7168K, 0% used [0x00000000d8300000,0x00000000d8300000,0x00000000d8a00000)
 ParOldGen       total 1316352K, used 1316189K [0x0000000080000000, 0x00000000d0580000, 0x00000000d55800Event: 11764.541 {heap Before GC invocations=1970 (full 7):
 PSYoungGen      total 27136K, used 26648K [0x00000000d5580000, 0x00000000d8a00000, 0x0000000100000000)
  eden space 26112K, 100% used [0x00000000d5580000,0x00000000d6f00000,0x00000000d6f00000)
  from space 1024K, 52% used [0x00000000d7500000,0x00000000d7586290,0x00000000d7600000)
  to   space 7168K, 0% used [0x00000000d8300000,0x00000000d8300000,0x00000000d8a00000)
 ParOldGen       total 1316352K, used 1316189K [0x0000000080000000, 0x00000000d0580000, 0x00000000dEvent: 11764.548 {heap After GC invocations=1970 (full 7):
 PSYoungGen      total 32768K, used 7136K [0x00000000d5580000, 0x00000000d8a00000, 0x0000000100000000)
  eden space 25600K, 0% used [0x00000000d5580000,0x00000000d5580000,0x00000000d6e80000)
  from space 7168K, 99% used [0x00000000d8300000,0x00000000d89f8328,0x00000000d8a00000)
  to   space 9216K, 0% used [0x00000000d7800000,0x00000000d7800000,0x00000000d8100000)
 ParOldGen       total 1316864K, used 1316733K [0x0000000080000000, 0x00000000d0600000, 0x00000000d5580Event: 11764.711 {heap Before GC invocations=1971 (full 7):
 PSYoungGen      total 32768K, used 32736K [0x00000000d5580000, 0x00000000d8a00000, 0x0000000100000000)
  eden space 25600K, 100% used [0x00000000d5580000,0x00000000d6e80000,0x00000000d6e80000)
  from space 7168K, 99% used [0x00000000d8300000,0x00000000d89f8328,0x00000000d8a00000)
  to   space 9216K, 0% used [0x00000000d7800000,0x00000000d7800000,0x00000000d8100000)
 ParOldGen       total 1316864K, used 1316733K [0x0000000080000000, 0x00000000d0600000, 0x00000000dEvent: 11764.726 {heap After GC invocations=1971 (full 7):
 PSYoungGen      total 34304K, used 9216K [0x00000000d5580000, 0x00000000da400000, 0x0000000100000000)
  eden space 25088K, 0% used [0x00000000d5580000,0x00000000d5580000,0x00000000d6e00000)
  from space 9216K, 100% used [0x00000000d7800000,0x00000000d8100000,0x00000000d8100000)
  to   space 27648K, 0% used [0x00000000d8900000,0x00000000d8900000,0x00000000da400000)
 ParOldGen       total 1332224K, used 1331919K [0x0000000080000000, 0x00000000d1500000, 0x00000000d55Event: 11764.773 {heap Before GC invocations=1972 (full 7):
 PSYoungGen      total 34304K, used 34304K [0x00000000d5580000, 0x00000000da400000, 0x0000000100000000)
  eden space 25088K, 100% used [0x00000000d5580000,0x00000000d6e00000,0x00000000d6e00000)
  from space 9216K, 100% used [0x00000000d7800000,0x00000000d8100000,0x00000000d8100000)
  to   space 27648K, 0% used [0x00000000d8900000,0x00000000d8900000,0x00000000da400000)
 ParOldGen       total 1332224K, used 1331919K [0x0000000080000000, 0x00000000d1500000, 0x0000000Event: 11764.781 {heap After GC invocations=1972 (full 7):
 PSYoungGen      total 30208K, used 5423K [0x00000000d5580000, 0x00000000d8e80000, 0x0000000100000000)
  eden space 24576K, 0% used [0x00000000d5580000,0x00000000d5580000,0x00000000d6d80000)
  from space 5632K, 96% used [0x00000000d8900000,0x00000000d8e4bdd0,0x00000000d8e80000)
  to   space 12800K, 0% used [0x00000000d7580000,0x00000000d7580000,0x00000000d8200000)
 ParOldGen       total 1341440K, used 1341194K [0x0000000080000000, 0x00000000d1e00000, 0x00000000d558Event: 11765.291 {heap Before GC invocations=1973 (full 7):
 PSYoungGen      total 30208K, used 29999K [0x00000000d5580000, 0x00000000d8e80000, 0x0000000100000000)
  eden space 24576K, 100% used [0x00000000d5580000,0x00000000d6d80000,0x00000000d6d80000)
  from space 5632K, 96% used [0x00000000d8900000,0x00000000d8e4bdd0,0x00000000d8e80000)
  to   space 12800K, 0% used [0x00000000d7580000,0x00000000d7580000,0x00000000d8200000)
 ParOldGen       total 1341440K, used 1341194K [0x0000000080000000, 0x00000000d1e00000, 0x00000000Event: 11765.299 {heap After GC invocations=1973 (full 7):
 PSYoungGen      total 32256K, used 7863K [0x00000000d5580000, 0x00000000d8980000, 0x0000000100000000)
  eden space 24064K, 0% used [0x00000000d5580000,0x00000000d5580000,0x00000000d6d00000)
  from space 8192K, 95% used [0x00000000d7580000,0x00000000d7d2dd18,0x00000000d7d80000)
  to   space 8704K, 0% used [0x00000000d8100000,0x00000000d8100000,0x00000000d8980000)
 ParOldGen       total 1346560K, used 1346473K [0x0000000080000000, 0x00000000d2300000, 0x00000000d5580Event: 12126.499 {heap Before GC invocations=1974 (full 7):
 PSYoungGen      total 32256K, used 31927K [0x00000000d5580000, 0x00000000d8980000, 0x0000000100000000)
  eden space 24064K, 100% used [0x00000000d5580000,0x00000000d6d00000,0x00000000d6d00000)
  from space 8192K, 95% used [0x00000000d7580000,0x00000000d7d2dd18,0x00000000d7d80000)
  to   space 8704K, 0% used [0x00000000d8100000,0x00000000d8100000,0x00000000d8980000)
 ParOldGen       total 1346560K, used 1346473K [0x0000000080000000, 0x00000000d2300000, 0x00000000dEvent: 12126.521 {heap After GC invocations=1974 (full 7):
 PSYoungGen      total 39424K, used 1253K [0x00000000d5580000, 0x00000000d8280000, 0x0000000100000000)
  eden space 37888K, 0% used [0x00000000d5580000,0x00000000d5580000,0x00000000d7a80000)
  from space 1536K, 81% used [0x00000000d8100000,0x00000000d8239510,0x00000000d8280000)
  to   space 4096K, 0% used [0x00000000d7a80000,0x00000000d7a80000,0x00000000d7e80000)
 ParOldGen       total 1354240K, used 1353909K [0x0000000080000000, 0x00000000d2a80000, 0x00000000d5580Event: 12127.210 {heap Before GC invocations=1975 (full 7):
 PSYoungGen      total 39424K, used 39141K [0x00000000d5580000, 0x00000000d8280000, 0x0000000100000000)
  eden space 37888K, 100% used [0x00000000d5580000,0x00000000d7a80000,0x00000000d7a80000)
  from space 1536K, 81% used [0x00000000d8100000,0x00000000d8239510,0x00000000d8280000)
  to   space 4096K, 0% used [0x00000000d7a80000,0x00000000d7a80000,0x00000000d7e80000)
 ParOldGen       total 1354240K, used 1353909K [0x0000000080000000, 0x00000000d2a80000, 0x00000000dEvent: 12127.213 {heap After GC invocations=1975 (full 7):
 PSYoungGen      total 40960K, used 224K [0x00000000d5580000, 0x00000000d8180000, 0x0000000100000000)
  eden space 36864K, 0% used [0x00000000d5580000,0x00000000d5580000,0x00000000d7980000)
  from space 4096K, 5% used [0x00000000d7a80000,0x00000000d7ab8000,0x00000000d7e80000)
  to   space 1536K, 0% used [0x00000000d8000000,0x00000000d8000000,0x00000000d8180000)
 ParOldGen       total 1355264K, used 1354821K [0x0000000080000000, 0x00000000d2b80000, 0x00000000d558000
Metaspace Usage History (20 events):
Event: 11736.379 {metaspace Before GC invocations=1966 (full 7):
 Metaspace       used 84859K, committed 86400K, reserved 1179648K
  class space    used 8292K, committed 9024K, reserved 1048576K
}
Event: 11736.383 {metaspace After GC invocations=1966 (full 7):
 Metaspace       used 84859K, committed 86400K, reserved 1179648K
  class space    used 8292K, committed 9024K, reserved 1048576K
}
Event: 11736.455 {metaspace Before GC invocations=1967 (full 7):
 Metaspace       used 84859K, committed 86400K, reserved 1179648K
  class space    used 8292K, committed 9024K, reserved 1048576K
}
Event: 11736.470 {metaspace After GC invocations=1967 (full 7):
 Metaspace       used 84859K, committed 86400K, reserved 1179648K
  class space    used 8292K, committed 9024K, reserved 1048576K
}
Event: 11736.583 {metaspace Before GC invocations=1968 (full 7):
 Metaspace       used 84859K, committed 86400K, reserved 1179648K
  class space    used 8292K, committed 9024K, reserved 1048576K
}
Event: 11736.593 {metaspace After GC invocations=1968 (full 7):
 Metaspace       used 84859K, committed 86400K, reserved 1179648K
  class space    used 8292K, committed 9024K, reserved 1048576K
}
Event: 11737.157 {metaspace Before GC invocations=1969 (full 7):
 Metaspace       used 84859K, committed 86400K, reserved 1179648K
  class space    used 8292K, committed 9024K, reserved 1048576K
}
Event: 11737.167 {metaspace After GC invocations=1969 (full 7):
 Metaspace       used 84859K, committed 86400K, reserved 1179648K
  class space    used 8292K, committed 9024K, reserved 1048576K
}
Event: 11764.541 {metaspace Before GC invocations=1970 (full 7):
 Metaspace       used 84859K, committed 86400K, reserved 1179648K
  class space    used 8292K, committed 9024K, reserved 1048576K
}
Event: 11764.548 {metaspace After GC invocations=1970 (full 7):
 Metaspace       used 84859K, committed 86400K, reserved 1179648K
  class space    used 8292K, committed 9024K, reserved 1048576K
}
Event: 11764.712 {metaspace Before GC invocations=1971 (full 7):
 Metaspace       used 84859K, committed 86400K, reserved 1179648K
  class space    used 8292K, committed 9024K, reserved 1048576K
}
Event: 11764.726 {metaspace After GC invocations=1971 (full 7):
 Metaspace       used 84859K, committed 86400K, reserved 1179648K
  class space    used 8292K, committed 9024K, reserved 1048576K
}
Event: 11764.773 {metaspace Before GC invocations=1972 (full 7):
 Metaspace       used 84863K, committed 86400K, reserved 1179648K
  class space    used 8292K, committed 9024K, reserved 1048576K
}
Event: 11764.781 {metaspace After GC invocations=1972 (full 7):
 Metaspace       used 84863K, committed 86400K, reserved 1179648K
  class space    used 8292K, committed 9024K, reserved 1048576K
}
Event: 11765.291 {metaspace Before GC invocations=1973 (full 7):
 Metaspace       used 84863K, committed 86400K, reserved 1179648K
  class space    used 8292K, committed 9024K, reserved 1048576K
}
Event: 11765.299 {metaspace After GC invocations=1973 (full 7):
 Metaspace       used 84863K, committed 86400K, reserved 1179648K
  class space    used 8292K, committed 9024K, reserved 1048576K
}
Event: 12126.499 {metaspace Before GC invocations=1974 (full 7):
 Metaspace       used 85238K, committed 86720K, reserved 1179648K
  class space    used 8340K, committed 9088K, reserved 1048576K
}
Event: 12126.521 {metaspace After GC invocations=1974 (full 7):
 Metaspace       used 85238K, committed 86720K, reserved 1179648K
  class space    used 8340K, committed 9088K, reserved 1048576K
}
Event: 12127.210 {metaspace Before GC invocations=1975 (full 7):
 Metaspace       used 85310K, committed 86784K, reserved 1179648K
  class space    used 8345K, committed 9088K, reserved 1048576K
}
Event: 12127.213 {metaspace After GC invocations=1975 (full 7):
 Metaspace       used 85310K, committed 86784K, reserved 1179648K
  class space    used 8345K, committed 9088K, reserved 1048576K
}

